<?xml version="1.0" encoding="UTF-8"?>
<!-- Generated by org.testng.reporters.JUnitReportReporter -->
<testsuite hostname="San" failures="0" tests="1" name="Test_Scenarios.TestMethods_SwagLabs" time="33.280" errors="0" timestamp="2022-10-15T20:37:04 PDT" skipped="0">
  <testcase classname="Test_Scenarios.TestMethods_SwagLabs" name="LoginToSwagLabs" time="33.280"/>
  <system-out/>
</testsuite> <!-- Test_Scenarios.TestMethods_SwagLabs -->
