<?xml version="1.0" encoding="UTF-8"?>
<!-- Generated by org.testng.reporters.JUnitReportReporter -->
<testsuite hostname="San" failures="0" tests="2" name="Test_Scenarios.TestMethods_GoogleSearch" time="18.064" errors="0" timestamp="2022-09-21T22:03:36 PDT" skipped="0">
  <testcase classname="Test_Scenarios.TestMethods_GoogleSearch" name="searchOperations" time="12.185"/>
  <system-out/>
  <testcase classname="Test_Scenarios.TestMethods_GoogleSearch" name="clickFaceBook" time="5.879"/>
  <system-out/>
</testsuite> <!-- Test_Scenarios.TestMethods_GoogleSearch -->
