<?xml version="1.0" encoding="UTF-8"?>
<!-- Generated by org.testng.reporters.JUnitReportReporter -->
<testsuite hostname="San" failures="0" tests="2" name="Test_Scenarios.TestMethods_GoogleSearch" time="17.693" errors="0" timestamp="2022-09-22T14:53:29 PDT" skipped="0">
  <testcase classname="Test_Scenarios.TestMethods_GoogleSearch" name="searchOperations" time="12.034"/>
  <system-out/>
  <testcase classname="Test_Scenarios.TestMethods_GoogleSearch" name="clickFaceBook" time="5.659"/>
  <system-out/>
</testsuite> <!-- Test_Scenarios.TestMethods_GoogleSearch -->
